<?xml version="1.0" encoding="UTF-8"?>
<testsuite name="ru.stqa.pft.sandbox.PointClassNewTests" tests="1" skipped="0" failures="0" errors="0" timestamp="2023-02-05T11:39:49" hostname="DESKTOP-LA0P00D" time="0.007">
  <properties/>
  <testcase name="testArea" classname="ru.stqa.pft.sandbox.PointClassNewTests" time="0.007"/>
  <system-out><![CDATA[]]></system-out>
  <system-err><![CDATA[]]></system-err>
</testsuite>
