<?xml version="1.0" encoding="UTF-8"?>
<testsuite name="ru.stqa.pft.sandbox.GroupCreationTests" tests="1" skipped="0" failures="0" errors="0" timestamp="2023-02-07T16:58:44" hostname="DESKTOP-LA0P00D" time="1.754">
  <properties/>
  <testcase name="testGroupCreation" classname="ru.stqa.pft.sandbox.GroupCreationTests" time="1.754"/>
  <system-out><![CDATA[]]></system-out>
  <system-err><![CDATA[1675789121054	geckodriver	INFO	Listening on 127.0.0.1:35772
1675789121400	mozrunner::runner	INFO	Running command: "C:\\Program Files\\Mozilla Firefox\\firefox.exe" "--marionette" "--remote-debugging-port" "37784" "--remote ... localhost:37784/,http://[::1]:37784/" "-no-remote" "-profile" "C:\\Users\\Elena\\AppData\\Local\\Temp\\rust_mozprofileZLiOVz"
1675789121747	Marionette	INFO	Marionette enabled
1675789121754	Marionette	INFO	Listening on port 52350
WebDriver BiDi listening on ws://localhost:37784
Read port: 52350
1675789122035	RemoteAgent	WARN	TLS certificate errors will be ignored for this session
console.warn: SearchSettings: "get: No settings file exists, new profile?" (new NotFoundError("Could not open the file at C:\\Users\\Elena\\AppData\\Local\\Temp\\rust_mozprofileZLiOVz\\search.json.mozlz4", (void 0)))
DevTools listening on ws://localhost:37784/devtools/browser/3f36ee64-b3d9-40ee-a82e-ef47f5a61af8
console.warn: LoginRecipes: "getRecipes: falling back to a synchronous message for:" "http://localhost"
console.warn: LoginRecipes: "getRecipes: falling back to a synchronous message for:" "http://localhost"
JavaScript error: resource://gre/modules/LoginManagerParent.jsm, line 136: TypeError: gRecipeManager is null
console.warn: LoginRecipes: "getRecipes: falling back to a synchronous message for:" "http://localhost"
JavaScript error: resource://gre/modules/LoginManagerParent.jsm, line 136: TypeError: gRecipeManager is null
1675789125062	Marionette	WARN	Ignoring event 'DOMContentLoaded' because document has an invalid readyState of 'complete'.
console.warn: LoginRecipes: "getRecipes: falling back to a synchronous message for:" "http://localhost"
JavaScript error: resource://gre/modules/LoginManagerParent.jsm, line 136: TypeError: gRecipeManager is null
console.warn: LoginRecipes: "getRecipes: falling back to a synchronous message for:" "http://localhost"
JavaScript error: resource://gre/modules/LoginManagerParent.jsm, line 136: TypeError: gRecipeManager is null
console.warn: LoginRecipes: "getRecipes: falling back to a synchronous message for:" "http://localhost"
JavaScript error: resource://gre/modules/LoginManagerParent.jsm, line 136: TypeError: gRecipeManager is null
console.warn: LoginRecipes: "getRecipes: falling back to a synchronous message for:" "http://localhost"
JavaScript error: resource://gre/modules/LoginManagerParent.jsm, line 136: TypeError: gRecipeManager is null
1675789126079	CDP	ERROR	Invalid browser preferences for CDP. Set "fission.webContentIsolationStrategy"to 0 and "fission.bfcacheInParent" to false before Firefox starts.
1675789126126	Marionette	INFO	Stopped listening on port 52350
]]></system-err>
</testsuite>
