<?xml version="1.0" encoding="UTF-8"?>
<testsuite name="ru.stqa.pft.sandbox.PointClassNewTests" tests="1" skipped="0" failures="0" errors="0" timestamp="2023-01-29T12:38:02" hostname="DESKTOP-FTFOI1H" time="0.031">
  <properties/>
  <testcase name="testArea" classname="ru.stqa.pft.sandbox.PointClassNewTests" time="0.031"/>
  <system-out><![CDATA[]]></system-out>
  <system-err><![CDATA[]]></system-err>
</testsuite>
