<?xml version="1.0" encoding="UTF-8"?>
<testsuite name="ru.stqa.pft.addressbook.tests.GroupDeleteTests" tests="1" skipped="0" failures="0" errors="0" timestamp="2023-03-06T15:29:53" hostname="DESKTOP-LA0P00D" time="0.405">
  <properties/>
  <testcase name="testGroupDelete" classname="ru.stqa.pft.addressbook.tests.GroupDeleteTests" time="0.405"/>
  <system-out><![CDATA[]]></system-out>
  <system-err><![CDATA[]]></system-err>
</testsuite>
