<?xml version="1.0" encoding="UTF-8"?>
<testsuite name="ru.stqa.pft.addressbook.tests.ContactCreationTests" tests="6" skipped="0" failures="0" errors="0" timestamp="2023-03-29T16:02:15" hostname="DESKTOP-LA0P00D" time="10.889">
  <properties/>
  <testcase name="testBadContactCreation" classname="ru.stqa.pft.addressbook.tests.ContactCreationTests" time="1.649"/>
  <testcase name="testContactCreation[0](ContactDate{id=2147483647, firstname='Test 0', lastname='Testovii 0'})" classname="ru.stqa.pft.addressbook.tests.ContactCreationTests" time="1.577"/>
  <testcase name="testContactCreation[1](ContactDate{id=2147483647, firstname='Test 1', lastname='Testovii 1'})" classname="ru.stqa.pft.addressbook.tests.ContactCreationTests" time="1.672"/>
  <testcase name="testContactCreation[2](ContactDate{id=2147483647, firstname='Test 2', lastname='Testovii 2'})" classname="ru.stqa.pft.addressbook.tests.ContactCreationTests" time="1.738"/>
  <testcase name="testContactCreation[3](ContactDate{id=2147483647, firstname='Test 3', lastname='Testovii 3'})" classname="ru.stqa.pft.addressbook.tests.ContactCreationTests" time="1.814"/>
  <testcase name="testContactCreation[4](ContactDate{id=2147483647, firstname='Test 4', lastname='Testovii 4'})" classname="ru.stqa.pft.addressbook.tests.ContactCreationTests" time="1.924"/>
  <system-out><![CDATA[]]></system-out>
  <system-err><![CDATA[]]></system-err>
</testsuite>
