<?xml version="1.0" encoding="UTF-8"?>
<testsuite name="ru.stqa.pft.addressbook.tests.ContactCreationTests" tests="1" skipped="0" failures="0" errors="0" timestamp="2023-02-11T18:18:10" hostname="DESKTOP-LA0P00D" time="1.75">
  <properties/>
  <testcase name="testContactCreation" classname="ru.stqa.pft.addressbook.tests.ContactCreationTests" time="1.75"/>
  <system-out><![CDATA[]]></system-out>
  <system-err><![CDATA[1676139486833	geckodriver	INFO	Listening on 127.0.0.1:28644
1676139487122	mozrunner::runner	INFO	Running command: "C:\\Program Files\\Mozilla Firefox\\firefox.exe" "--marionette" "--remote-debugging-port" "8243" "--remote- ... //localhost:8243/,http://[::1]:8243/" "-no-remote" "-profile" "C:\\Users\\Elena\\AppData\\Local\\Temp\\rust_mozprofilemeA7R1"
1676139487435	Marionette	INFO	Marionette enabled
1676139487448	Marionette	INFO	Listening on port 52458
WebDriver BiDi listening on ws://localhost:8243
Read port: 52458
1676139487580	RemoteAgent	WARN	TLS certificate errors will be ignored for this session
console.warn: SearchSettings: "get: No settings file exists, new profile?" (new NotFoundError("Could not open the file at C:\\Users\\Elena\\AppData\\Local\\Temp\\rust_mozprofilemeA7R1\\search.json.mozlz4", (void 0)))
DevTools listening on ws://localhost:8243/devtools/browser/6bced965-771f-49e4-91a5-54e5ceb8250e
console.warn: LoginRecipes: "getRecipes: falling back to a synchronous message for:" "http://localhost"
console.warn: LoginRecipes: "getRecipes: falling back to a synchronous message for:" "http://localhost"
JavaScript error: resource://gre/modules/LoginManagerParent.jsm, line 136: TypeError: gRecipeManager is null
console.warn: LoginRecipes: "getRecipes: falling back to a synchronous message for:" "http://localhost"
JavaScript error: resource://gre/modules/LoginManagerParent.jsm, line 136: TypeError: gRecipeManager is null
console.warn: LoginRecipes: "getRecipes: falling back to a synchronous message for:" "http://localhost"
JavaScript error: resource://gre/modules/LoginManagerParent.jsm, line 136: TypeError: gRecipeManager is null
console.warn: LoginRecipes: "getRecipes: falling back to a synchronous message for:" "http://localhost"
JavaScript error: resource://gre/modules/LoginManagerParent.jsm, line 136: TypeError: gRecipeManager is null
1676139492029	CDP	ERROR	Invalid browser preferences for CDP. Set "fission.webContentIsolationStrategy"to 0 and "fission.bfcacheInParent" to false before Firefox starts.
1676139492060	Marionette	INFO	Stopped listening on port 52458
]]></system-err>
</testsuite>
