<?xml version="1.0" encoding="UTF-8"?>
<testsuite name="ru.stqa.pft.addressbook.tests.ContactDataTests" tests="1" skipped="0" failures="0" errors="0" timestamp="2023-05-01T11:12:27" hostname="DESKTOP-LA0P00D" time="0.261">
  <properties/>
  <testcase name="testContactPhones" classname="ru.stqa.pft.addressbook.tests.ContactDataTests" time="0.261"/>
  <system-out><![CDATA[14:12:27.911 [Test worker] INFO  r.s.pft.addressbook.tests.TestBase -- Start test testContactPhones with parameters []
14:12:28.181 [Test worker] INFO  r.s.pft.addressbook.tests.TestBase -- Stop test testContactPhones
]]></system-out>
  <system-err><![CDATA[]]></system-err>
</testsuite>
