<?xml version="1.0" encoding="UTF-8"?>
<testsuite name="ru.stqa.pft.addressbook.tests.GroupModificationTests" tests="1" skipped="0" failures="0" errors="0" timestamp="2023-05-01T11:12:38" hostname="DESKTOP-LA0P00D" time="1.438">
  <properties/>
  <testcase name="testGroupModification" classname="ru.stqa.pft.addressbook.tests.GroupModificationTests" time="1.438"/>
  <system-out><![CDATA[14:12:38.741 [Test worker] INFO  r.s.pft.addressbook.tests.TestBase -- Start test testGroupModification with parameters []
14:12:40.267 [Test worker] INFO  r.s.pft.addressbook.tests.TestBase -- Stop test testGroupModification
]]></system-out>
  <system-err><![CDATA[]]></system-err>
</testsuite>
