<?xml version="1.0" encoding="UTF-8"?>
<testsuite name="ru.stqa.pft.addressbook.tests.GroupDeleteTests" tests="1" skipped="0" failures="0" errors="0" timestamp="2023-02-12T15:32:45" hostname="DESKTOP-LA0P00D" time="0.44">
  <properties/>
  <testcase name="testGroupDelete" classname="ru.stqa.pft.addressbook.tests.GroupDeleteTests" time="0.44"/>
  <system-out><![CDATA[]]></system-out>
  <system-err><![CDATA[1676215962430	geckodriver	INFO	Listening on 127.0.0.1:48936
1676215962737	mozrunner::runner	INFO	Running command: "C:\\Program Files\\Mozilla Firefox\\firefox.exe" "--marionette" "--remote-debugging-port" "30215" "--remote ... localhost:30215/,http://[::1]:30215/" "-no-remote" "-profile" "C:\\Users\\Elena\\AppData\\Local\\Temp\\rust_mozprofileeDeDFU"
1676215963059	Marionette	INFO	Marionette enabled
1676215963066	Marionette	INFO	Listening on port 51784
WebDriver BiDi listening on ws://localhost:30215
Read port: 51784
1676215963350	RemoteAgent	WARN	TLS certificate errors will be ignored for this session
console.warn: SearchSettings: "get: No settings file exists, new profile?" (new NotFoundError("Could not open the file at C:\\Users\\Elena\\AppData\\Local\\Temp\\rust_mozprofileeDeDFU\\search.json.mozlz4", (void 0)))
DevTools listening on ws://localhost:30215/devtools/browser/56a87e64-912d-4411-b938-eed26e8d7fdf
console.warn: LoginRecipes: "getRecipes: falling back to a synchronous message for:" "http://localhost"
console.warn: LoginRecipes: "getRecipes: falling back to a synchronous message for:" "http://localhost"
JavaScript error: resource://gre/modules/LoginManagerParent.jsm, line 136: TypeError: gRecipeManager is null
console.warn: LoginRecipes: "getRecipes: falling back to a synchronous message for:" "http://localhost"
JavaScript error: resource://gre/modules/LoginManagerParent.jsm, line 136: TypeError: gRecipeManager is null
console.warn: LoginRecipes: "getRecipes: falling back to a synchronous message for:" "http://localhost"
JavaScript error: resource://gre/modules/LoginManagerParent.jsm, line 136: TypeError: gRecipeManager is null
console.warn: LoginRecipes: "getRecipes: falling back to a synchronous message for:" "http://localhost"
JavaScript error: resource://gre/modules/LoginManagerParent.jsm, line 136: TypeError: gRecipeManager is null
1676215966194	CDP	ERROR	Invalid browser preferences for CDP. Set "fission.webContentIsolationStrategy"to 0 and "fission.bfcacheInParent" to false before Firefox starts.
1676215966235	Marionette	INFO	Stopped listening on port 51784
]]></system-err>
</testsuite>
