<?xml version="1.0" encoding="UTF-8"?>
<testsuite name="ru.stqa.pft.addressbook.tests.GroupCreationTests" tests="4" skipped="0" failures="0" errors="0" timestamp="2023-05-01T11:12:30" hostname="DESKTOP-LA0P00D" time="6.627">
  <properties/>
  <testcase name="testBadGroupCreation" classname="ru.stqa.pft.addressbook.tests.GroupCreationTests" time="2.138"/>
  <testcase name="testGroupCreation[0](GroupData{id='2147483647', name='test 0'})" classname="ru.stqa.pft.addressbook.tests.GroupCreationTests" time="1.463"/>
  <testcase name="testGroupCreation[1](GroupData{id='2147483647', name='test 1'})" classname="ru.stqa.pft.addressbook.tests.GroupCreationTests" time="1.448"/>
  <testcase name="testGroupCreation[2](GroupData{id='2147483647', name='test 2'})" classname="ru.stqa.pft.addressbook.tests.GroupCreationTests" time="1.559"/>
  <system-out><![CDATA[14:12:30.939 [Test worker] INFO  r.s.pft.addressbook.tests.TestBase -- Start test testBadGroupCreation with parameters []
14:12:33.078 [Test worker] INFO  r.s.pft.addressbook.tests.TestBase -- Stop test testBadGroupCreation
14:12:33.091 [Test worker] INFO  r.s.pft.addressbook.tests.TestBase -- Start test testGroupCreation with parameters [GroupData{id='2147483647', name='test 0'}]
14:12:34.556 [Test worker] INFO  r.s.pft.addressbook.tests.TestBase -- Stop test testGroupCreation
14:12:34.557 [Test worker] INFO  r.s.pft.addressbook.tests.TestBase -- Start test testGroupCreation with parameters [GroupData{id='2147483647', name='test 1'}]
14:12:36.006 [Test worker] INFO  r.s.pft.addressbook.tests.TestBase -- Stop test testGroupCreation
14:12:36.007 [Test worker] INFO  r.s.pft.addressbook.tests.TestBase -- Start test testGroupCreation with parameters [GroupData{id='2147483647', name='test 2'}]
14:12:37.567 [Test worker] INFO  r.s.pft.addressbook.tests.TestBase -- Stop test testGroupCreation
]]></system-out>
  <system-err><![CDATA[]]></system-err>
</testsuite>
