<?xml version="1.0" encoding="UTF-8"?>
<testsuite name="ru.stqa.pft.addressbook.tests.ContactDeleteTests" tests="1" skipped="0" failures="0" errors="0" timestamp="2023-03-16T16:41:45" hostname="DESKTOP-LA0P00D" time="0.314">
  <properties/>
  <testcase name="testContactDelete" classname="ru.stqa.pft.addressbook.tests.ContactDeleteTests" time="0.314"/>
  <system-out><![CDATA[]]></system-out>
  <system-err><![CDATA[]]></system-err>
</testsuite>
