<?xml version="1.0" encoding="UTF-8"?>
<testsuite name="ru.stqa.pft.addressbook.tests.ContactDataTests" tests="1" skipped="0" failures="0" errors="0" timestamp="2023-04-01T16:14:39" hostname="DESKTOP-LA0P00D" time="0.364">
  <properties/>
  <testcase name="testContactPhones" classname="ru.stqa.pft.addressbook.tests.ContactDataTests" time="0.364"/>
  <system-out><![CDATA[]]></system-out>
  <system-err><![CDATA[]]></system-err>
</testsuite>
